<?xml version="1.0" encoding="UTF-8"?>
<testsuite name="project.group.LibraryTest" tests="1" skipped="0" failures="0" errors="0" timestamp="2019-10-04T17:18:45" hostname="DESKTOP-D3PUHLO" time="0.002">
  <properties/>
  <testcase name="testSomeLibraryMethod" classname="project.group.LibraryTest" time="0.002"/>
  <system-out><![CDATA[]]></system-out>
  <system-err><![CDATA[]]></system-err>
</testsuite>
